<?xml version="1.0" encoding="UTF-8"?>
<!-- Generated by org.testng.reporters.JUnitXMLReporter -->
<testsuite hostname="DESKTOP-8EUE6B9" name="Test" tests="1" failures="0" timestamp="22 Sep 2019 20:23:52 GMT" time="21.766" errors="0">
  <testcase name="@AfterTest end" time="0.0" classname="test.Amazon_com">
    <failure type="java.lang.NullPointerException">
      <![CDATA[java.lang.NullPointerException
	at framework.Framework.close_Browser(Framework.java:11)
	at test.Amazon_com.end(Amazon_com.java:18)
... Removed 22 stack frames]]>
    </failure>
  </testcase> <!-- @AfterTest end -->
  <testcase name="executeTest" time="21.721" classname="test.Amazon_com"/>
</testsuite> <!-- Test -->
